Analysis & Synthesis report for rgy
Wed Dec 25 09:18:45 2024
Quartus Prime Version 17.1.0 Build 590 10/25/2017 SJ Lite Edition


---------------------
; Table of Contents ;
---------------------
  1. Legal Notice
  2. Analysis & Synthesis Summary
  3. Analysis & Synthesis Settings
  4. Parallel Compilation
  5. Analysis & Synthesis Source Files Read
  6. Analysis & Synthesis Resource Usage Summary
  7. Analysis & Synthesis Resource Utilization by Entity
  8. State Machine - |traffic_light_controller|traffic_light_fsm:fsm|stateb
  9. State Machine - |traffic_light_controller|traffic_light_fsm:fsm|statea
 10. Registers Removed During Synthesis
 11. General Register Statistics
 12. Inverted Register Statistics
 13. Multiplexer Restructuring Statistics (Restructuring Performed)
 14. Parameter Settings for Inferred Entity Instance: shumaguan:comb_3|lpm_divide:Mod1
 15. Parameter Settings for Inferred Entity Instance: shumaguan:comb_3|lpm_divide:Div1
 16. Parameter Settings for Inferred Entity Instance: shumaguan:comb_3|lpm_divide:Mod0
 17. Parameter Settings for Inferred Entity Instance: shumaguan:comb_3|lpm_divide:Div0
 18. Post-Synthesis Netlist Statistics for Top Partition
 19. Elapsed Time Per Partition
 20. Analysis & Synthesis Messages



----------------
; Legal Notice ;
----------------
Copyright (C) 2017  Intel Corporation. All rights reserved.
Your use of Intel Corporation's design tools, logic functions 
and other software and tools, and its AMPP partner logic 
functions, and any output files from any of the foregoing 
(including device programming or simulation files), and any 
associated documentation or information are expressly subject 
to the terms and conditions of the Intel Program License 
Subscription Agreement, the Intel Quartus Prime License Agreement,
the Intel FPGA IP License Agreement, or other applicable license
agreement, including, without limitation, that your use is for
the sole purpose of programming logic devices manufactured by
Intel and sold by Intel or its authorized distributors.  Please
refer to the applicable agreement for further details.



+----------------------------------------------------------------------------------+
; Analysis & Synthesis Summary                                                     ;
+------------------------------------+---------------------------------------------+
; Analysis & Synthesis Status        ; Successful - Wed Dec 25 09:18:45 2024       ;
; Quartus Prime Version              ; 17.1.0 Build 590 10/25/2017 SJ Lite Edition ;
; Revision Name                      ; rgy                                         ;
; Top-level Entity Name              ; traffic_light_controller                    ;
; Family                             ; Cyclone IV E                                ;
; Total logic elements               ; 432                                         ;
;     Total combinational functions  ; 410                                         ;
;     Dedicated logic registers      ; 108                                         ;
; Total registers                    ; 108                                         ;
; Total pins                         ; 24                                          ;
; Total virtual pins                 ; 0                                           ;
; Total memory bits                  ; 0                                           ;
; Embedded Multiplier 9-bit elements ; 0                                           ;
; Total PLLs                         ; 0                                           ;
+------------------------------------+---------------------------------------------+


+----------------------------------------------------------------------------------------------------------------------------+
; Analysis & Synthesis Settings                                                                                              ;
+----------------------------------------------------------------------------+--------------------------+--------------------+
; Option                                                                     ; Setting                  ; Default Value      ;
+----------------------------------------------------------------------------+--------------------------+--------------------+
; Device                                                                     ; EP4CE6F17C8              ;                    ;
; Top-level entity name                                                      ; traffic_light_controller ; rgy                ;
; Family name                                                                ; Cyclone IV E             ; Cyclone V          ;
; Use smart compilation                                                      ; Off                      ; Off                ;
; Enable parallel Assembler and TimeQuest Timing Analyzer during compilation ; On                       ; On                 ;
; Enable compact report table                                                ; Off                      ; Off                ;
; Restructure Multiplexers                                                   ; Auto                     ; Auto               ;
; Create Debugging Nodes for IP Cores                                        ; Off                      ; Off                ;
; Preserve fewer node names                                                  ; On                       ; On                 ;
; Intel FPGA IP Evaluation Mode                                              ; Enable                   ; Enable             ;
; Verilog Version                                                            ; Verilog_2001             ; Verilog_2001       ;
; VHDL Version                                                               ; VHDL_1993                ; VHDL_1993          ;
; State Machine Processing                                                   ; Auto                     ; Auto               ;
; Safe State Machine                                                         ; Off                      ; Off                ;
; Extract Verilog State Machines                                             ; On                       ; On                 ;
; Extract VHDL State Machines                                                ; On                       ; On                 ;
; Ignore Verilog initial constructs                                          ; Off                      ; Off                ;
; Iteration limit for constant Verilog loops                                 ; 5000                     ; 5000               ;
; Iteration limit for non-constant Verilog loops                             ; 250                      ; 250                ;
; Add Pass-Through Logic to Inferred RAMs                                    ; On                       ; On                 ;
; Infer RAMs from Raw Logic                                                  ; On                       ; On                 ;
; Parallel Synthesis                                                         ; On                       ; On                 ;
; DSP Block Balancing                                                        ; Auto                     ; Auto               ;
; NOT Gate Push-Back                                                         ; On                       ; On                 ;
; Power-Up Don't Care                                                        ; On                       ; On                 ;
; Remove Redundant Logic Cells                                               ; Off                      ; Off                ;
; Remove Duplicate Registers                                                 ; On                       ; On                 ;
; Ignore CARRY Buffers                                                       ; Off                      ; Off                ;
; Ignore CASCADE Buffers                                                     ; Off                      ; Off                ;
; Ignore GLOBAL Buffers                                                      ; Off                      ; Off                ;
; Ignore ROW GLOBAL Buffers                                                  ; Off                      ; Off                ;
; Ignore LCELL Buffers                                                       ; Off                      ; Off                ;
; Ignore SOFT Buffers                                                        ; On                       ; On                 ;
; Limit AHDL Integers to 32 Bits                                             ; Off                      ; Off                ;
; Optimization Technique                                                     ; Balanced                 ; Balanced           ;
; Carry Chain Length                                                         ; 70                       ; 70                 ;
; Auto Carry Chains                                                          ; On                       ; On                 ;
; Auto Open-Drain Pins                                                       ; On                       ; On                 ;
; Perform WYSIWYG Primitive Resynthesis                                      ; Off                      ; Off                ;
; Auto ROM Replacement                                                       ; On                       ; On                 ;
; Auto RAM Replacement                                                       ; On                       ; On                 ;
; Auto DSP Block Replacement                                                 ; On                       ; On                 ;
; Auto Shift Register Replacement                                            ; Auto                     ; Auto               ;
; Allow Shift Register Merging across Hierarchies                            ; Auto                     ; Auto               ;
; Auto Clock Enable Replacement                                              ; On                       ; On                 ;
; Strict RAM Replacement                                                     ; Off                      ; Off                ;
; Allow Synchronous Control Signals                                          ; On                       ; On                 ;
; Force Use of Synchronous Clear Signals                                     ; Off                      ; Off                ;
; Auto RAM Block Balancing                                                   ; On                       ; On                 ;
; Auto RAM to Logic Cell Conversion                                          ; Off                      ; Off                ;
; Auto Resource Sharing                                                      ; Off                      ; Off                ;
; Allow Any RAM Size For Recognition                                         ; Off                      ; Off                ;
; Allow Any ROM Size For Recognition                                         ; Off                      ; Off                ;
; Allow Any Shift Register Size For Recognition                              ; Off                      ; Off                ;
; Use LogicLock Constraints during Resource Balancing                        ; On                       ; On                 ;
; Ignore translate_off and synthesis_off directives                          ; Off                      ; Off                ;
; Timing-Driven Synthesis                                                    ; On                       ; On                 ;
; Report Parameter Settings                                                  ; On                       ; On                 ;
; Report Source Assignments                                                  ; On                       ; On                 ;
; Report Connectivity Checks                                                 ; On                       ; On                 ;
; Ignore Maximum Fan-Out Assignments                                         ; Off                      ; Off                ;
; Synchronization Register Chain Length                                      ; 2                        ; 2                  ;
; Power Optimization During Synthesis                                        ; Normal compilation       ; Normal compilation ;
; HDL message level                                                          ; Level2                   ; Level2             ;
; Suppress Register Optimization Related Messages                            ; Off                      ; Off                ;
; Number of Removed Registers Reported in Synthesis Report                   ; 5000                     ; 5000               ;
; Number of Swept Nodes Reported in Synthesis Report                         ; 5000                     ; 5000               ;
; Number of Inverted Registers Reported in Synthesis Report                  ; 100                      ; 100                ;
; Clock MUX Protection                                                       ; On                       ; On                 ;
; Auto Gated Clock Conversion                                                ; Off                      ; Off                ;
; Block Design Naming                                                        ; Auto                     ; Auto               ;
; SDC constraint protection                                                  ; Off                      ; Off                ;
; Synthesis Effort                                                           ; Auto                     ; Auto               ;
; Shift Register Replacement - Allow Asynchronous Clear Signal               ; On                       ; On                 ;
; Pre-Mapping Resynthesis Optimization                                       ; Off                      ; Off                ;
; Analysis & Synthesis Message Level                                         ; Medium                   ; Medium             ;
; Disable Register Merging Across Hierarchies                                ; Auto                     ; Auto               ;
; Resource Aware Inference For Block RAM                                     ; On                       ; On                 ;
+----------------------------------------------------------------------------+--------------------------+--------------------+


+------------------------------------------+
; Parallel Compilation                     ;
+----------------------------+-------------+
; Processors                 ; Number      ;
+----------------------------+-------------+
; Number detected on machine ; 20          ;
; Maximum allowed            ; 14          ;
;                            ;             ;
; Average used               ; 1.00        ;
; Maximum used               ; 14          ;
;                            ;             ;
; Usage by Processor         ; % Time Used ;
;     Processor 1            ; 100.0%      ;
;     Processor 2            ;   0.0%      ;
;     Processors 3-14        ;   0.0%      ;
+----------------------------+-------------+


+--------------------------------------------------------------------------------------------------------------------------------------------------------------------------+
; Analysis & Synthesis Source Files Read                                                                                                                                   ;
+----------------------------------+-----------------+------------------------------+----------------------------------------------------------------------------+---------+
; File Name with User-Entered Path ; Used in Netlist ; File Type                    ; File Name with Absolute Path                                               ; Library ;
+----------------------------------+-----------------+------------------------------+----------------------------------------------------------------------------+---------+
; clock_divider.v                  ; yes             ; User Verilog HDL File        ; D:/EDA/SHIYAN/clock_divider.v                                              ;         ;
; traffic_light_fsm.v              ; yes             ; User Verilog HDL File        ; D:/EDA/SHIYAN/traffic_light_fsm.v                                          ;         ;
; traffic_light_controller.v       ; yes             ; User Verilog HDL File        ; D:/EDA/SHIYAN/traffic_light_controller.v                                   ;         ;
; shumaguan.v                      ; yes             ; User Verilog HDL File        ; D:/EDA/SHIYAN/shumaguan.v                                                  ;         ;
; lpm_divide.tdf                   ; yes             ; Megafunction                 ; c:/intelfpga_lite/17.1/quartus/libraries/megafunctions/lpm_divide.tdf      ;         ;
; abs_divider.inc                  ; yes             ; Megafunction                 ; c:/intelfpga_lite/17.1/quartus/libraries/megafunctions/abs_divider.inc     ;         ;
; sign_div_unsign.inc              ; yes             ; Megafunction                 ; c:/intelfpga_lite/17.1/quartus/libraries/megafunctions/sign_div_unsign.inc ;         ;
; aglobal171.inc                   ; yes             ; Megafunction                 ; c:/intelfpga_lite/17.1/quartus/libraries/megafunctions/aglobal171.inc      ;         ;
; db/lpm_divide_l9m.tdf            ; yes             ; Auto-Generated Megafunction  ; D:/EDA/SHIYAN/db/lpm_divide_l9m.tdf                                        ;         ;
; db/sign_div_unsign_akh.tdf       ; yes             ; Auto-Generated Megafunction  ; D:/EDA/SHIYAN/db/sign_div_unsign_akh.tdf                                   ;         ;
; db/alt_u_div_84f.tdf             ; yes             ; Auto-Generated Megafunction  ; D:/EDA/SHIYAN/db/alt_u_div_84f.tdf                                         ;         ;
; db/add_sub_7pc.tdf               ; yes             ; Auto-Generated Megafunction  ; D:/EDA/SHIYAN/db/add_sub_7pc.tdf                                           ;         ;
; db/add_sub_8pc.tdf               ; yes             ; Auto-Generated Megafunction  ; D:/EDA/SHIYAN/db/add_sub_8pc.tdf                                           ;         ;
; db/lpm_divide_ihm.tdf            ; yes             ; Auto-Generated Megafunction  ; D:/EDA/SHIYAN/db/lpm_divide_ihm.tdf                                        ;         ;
+----------------------------------+-----------------+------------------------------+----------------------------------------------------------------------------+---------+


+---------------------------------------------------------+
; Analysis & Synthesis Resource Usage Summary             ;
+---------------------------------------------+-----------+
; Resource                                    ; Usage     ;
+---------------------------------------------+-----------+
; Estimated Total logic elements              ; 432       ;
;                                             ;           ;
; Total combinational functions               ; 410       ;
; Logic element usage by number of LUT inputs ;           ;
;     -- 4 input functions                    ; 122       ;
;     -- 3 input functions                    ; 71        ;
;     -- <=2 input functions                  ; 217       ;
;                                             ;           ;
; Logic elements by mode                      ;           ;
;     -- normal mode                          ; 291       ;
;     -- arithmetic mode                      ; 119       ;
;                                             ;           ;
; Total registers                             ; 108       ;
;     -- Dedicated logic registers            ; 108       ;
;     -- I/O registers                        ; 0         ;
;                                             ;           ;
; I/O pins                                    ; 24        ;
;                                             ;           ;
; Embedded Multiplier 9-bit elements          ; 0         ;
;                                             ;           ;
; Maximum fan-out node                        ; rst~input ;
; Maximum fan-out                             ; 97        ;
; Total fan-out                               ; 1502      ;
; Average fan-out                             ; 2.65      ;
+---------------------------------------------+-----------+


+-------------------------------------------------------------------------------------------------------------------------------------------------------------------------------------------------------------------------------------------------------------------------------------------------------------------------------------------------------------+
; Analysis & Synthesis Resource Utilization by Entity                                                                                                                                                                                                                                                                                                         ;
+-------------------------------------------+---------------------+---------------------------+-------------+--------------+---------+-----------+------+--------------+--------------------------------------------------------------------------------------------------------------------------------------------+--------------------------+--------------+
; Compilation Hierarchy Node                ; Combinational ALUTs ; Dedicated Logic Registers ; Memory Bits ; DSP Elements ; DSP 9x9 ; DSP 18x18 ; Pins ; Virtual Pins ; Full Hierarchy Name                                                                                                                        ; Entity Name              ; Library Name ;
+-------------------------------------------+---------------------+---------------------------+-------------+--------------+---------+-----------+------+--------------+--------------------------------------------------------------------------------------------------------------------------------------------+--------------------------+--------------+
; |traffic_light_controller                 ; 410 (1)             ; 108 (0)                   ; 0           ; 0            ; 0       ; 0         ; 24   ; 0            ; |traffic_light_controller                                                                                                                  ; traffic_light_controller ; work         ;
;    |clock_divider:clk_div|                ; 84 (84)             ; 50 (50)                   ; 0           ; 0            ; 0       ; 0         ; 0    ; 0            ; |traffic_light_controller|clock_divider:clk_div                                                                                            ; clock_divider            ; work         ;
;    |shumaguan:comb_3|                     ; 288 (109)           ; 14 (14)                   ; 0           ; 0            ; 0       ; 0         ; 0    ; 0            ; |traffic_light_controller|shumaguan:comb_3                                                                                                 ; shumaguan                ; work         ;
;       |lpm_divide:Div0|                   ; 43 (0)              ; 0 (0)                     ; 0           ; 0            ; 0       ; 0         ; 0    ; 0            ; |traffic_light_controller|shumaguan:comb_3|lpm_divide:Div0                                                                                 ; lpm_divide               ; work         ;
;          |lpm_divide_ihm:auto_generated|  ; 43 (0)              ; 0 (0)                     ; 0           ; 0            ; 0       ; 0         ; 0    ; 0            ; |traffic_light_controller|shumaguan:comb_3|lpm_divide:Div0|lpm_divide_ihm:auto_generated                                                   ; lpm_divide_ihm           ; work         ;
;             |sign_div_unsign_akh:divider| ; 43 (0)              ; 0 (0)                     ; 0           ; 0            ; 0       ; 0         ; 0    ; 0            ; |traffic_light_controller|shumaguan:comb_3|lpm_divide:Div0|lpm_divide_ihm:auto_generated|sign_div_unsign_akh:divider                       ; sign_div_unsign_akh      ; work         ;
;                |alt_u_div_84f:divider|    ; 43 (43)             ; 0 (0)                     ; 0           ; 0            ; 0       ; 0         ; 0    ; 0            ; |traffic_light_controller|shumaguan:comb_3|lpm_divide:Div0|lpm_divide_ihm:auto_generated|sign_div_unsign_akh:divider|alt_u_div_84f:divider ; alt_u_div_84f            ; work         ;
;       |lpm_divide:Div1|                   ; 43 (0)              ; 0 (0)                     ; 0           ; 0            ; 0       ; 0         ; 0    ; 0            ; |traffic_light_controller|shumaguan:comb_3|lpm_divide:Div1                                                                                 ; lpm_divide               ; work         ;
;          |lpm_divide_ihm:auto_generated|  ; 43 (0)              ; 0 (0)                     ; 0           ; 0            ; 0       ; 0         ; 0    ; 0            ; |traffic_light_controller|shumaguan:comb_3|lpm_divide:Div1|lpm_divide_ihm:auto_generated                                                   ; lpm_divide_ihm           ; work         ;
;             |sign_div_unsign_akh:divider| ; 43 (0)              ; 0 (0)                     ; 0           ; 0            ; 0       ; 0         ; 0    ; 0            ; |traffic_light_controller|shumaguan:comb_3|lpm_divide:Div1|lpm_divide_ihm:auto_generated|sign_div_unsign_akh:divider                       ; sign_div_unsign_akh      ; work         ;
;                |alt_u_div_84f:divider|    ; 43 (43)             ; 0 (0)                     ; 0           ; 0            ; 0       ; 0         ; 0    ; 0            ; |traffic_light_controller|shumaguan:comb_3|lpm_divide:Div1|lpm_divide_ihm:auto_generated|sign_div_unsign_akh:divider|alt_u_div_84f:divider ; alt_u_div_84f            ; work         ;
;       |lpm_divide:Mod0|                   ; 47 (0)              ; 0 (0)                     ; 0           ; 0            ; 0       ; 0         ; 0    ; 0            ; |traffic_light_controller|shumaguan:comb_3|lpm_divide:Mod0                                                                                 ; lpm_divide               ; work         ;
;          |lpm_divide_l9m:auto_generated|  ; 47 (0)              ; 0 (0)                     ; 0           ; 0            ; 0       ; 0         ; 0    ; 0            ; |traffic_light_controller|shumaguan:comb_3|lpm_divide:Mod0|lpm_divide_l9m:auto_generated                                                   ; lpm_divide_l9m           ; work         ;
;             |sign_div_unsign_akh:divider| ; 47 (0)              ; 0 (0)                     ; 0           ; 0            ; 0       ; 0         ; 0    ; 0            ; |traffic_light_controller|shumaguan:comb_3|lpm_divide:Mod0|lpm_divide_l9m:auto_generated|sign_div_unsign_akh:divider                       ; sign_div_unsign_akh      ; work         ;
;                |alt_u_div_84f:divider|    ; 47 (47)             ; 0 (0)                     ; 0           ; 0            ; 0       ; 0         ; 0    ; 0            ; |traffic_light_controller|shumaguan:comb_3|lpm_divide:Mod0|lpm_divide_l9m:auto_generated|sign_div_unsign_akh:divider|alt_u_div_84f:divider ; alt_u_div_84f            ; work         ;
;       |lpm_divide:Mod1|                   ; 46 (0)              ; 0 (0)                     ; 0           ; 0            ; 0       ; 0         ; 0    ; 0            ; |traffic_light_controller|shumaguan:comb_3|lpm_divide:Mod1                                                                                 ; lpm_divide               ; work         ;
;          |lpm_divide_l9m:auto_generated|  ; 46 (0)              ; 0 (0)                     ; 0           ; 0            ; 0       ; 0         ; 0    ; 0            ; |traffic_light_controller|shumaguan:comb_3|lpm_divide:Mod1|lpm_divide_l9m:auto_generated                                                   ; lpm_divide_l9m           ; work         ;
;             |sign_div_unsign_akh:divider| ; 46 (0)              ; 0 (0)                     ; 0           ; 0            ; 0       ; 0         ; 0    ; 0            ; |traffic_light_controller|shumaguan:comb_3|lpm_divide:Mod1|lpm_divide_l9m:auto_generated|sign_div_unsign_akh:divider                       ; sign_div_unsign_akh      ; work         ;
;                |alt_u_div_84f:divider|    ; 46 (46)             ; 0 (0)                     ; 0           ; 0            ; 0       ; 0         ; 0    ; 0            ; |traffic_light_controller|shumaguan:comb_3|lpm_divide:Mod1|lpm_divide_l9m:auto_generated|sign_div_unsign_akh:divider|alt_u_div_84f:divider ; alt_u_div_84f            ; work         ;
;    |traffic_light_fsm:fsm|                ; 37 (37)             ; 44 (44)                   ; 0           ; 0            ; 0       ; 0         ; 0    ; 0            ; |traffic_light_controller|traffic_light_fsm:fsm                                                                                            ; traffic_light_fsm        ; work         ;
+-------------------------------------------+---------------------+---------------------------+-------------+--------------+---------+-----------+------+--------------+--------------------------------------------------------------------------------------------------------------------------------------------+--------------------------+--------------+
Note: For table entries with two numbers listed, the numbers in parentheses indicate the number of resources of the given type used by the specific entity alone. The numbers listed outside of parentheses indicate the total resources of the given type used by the specific entity and all of its sub-entities in the hierarchy.


Encoding Type:  One-Hot
+------------------------------------------------------------------------+
; State Machine - |traffic_light_controller|traffic_light_fsm:fsm|stateb ;
+-----------+-----------+-----------+-----------+-----------+------------+
; Name      ; stateb.S3 ; stateb.S2 ; stateb.S1 ; stateb.S0 ; stateb.S4  ;
+-----------+-----------+-----------+-----------+-----------+------------+
; stateb.S0 ; 0         ; 0         ; 0         ; 0         ; 0          ;
; stateb.S1 ; 0         ; 0         ; 1         ; 1         ; 0          ;
; stateb.S2 ; 0         ; 1         ; 0         ; 1         ; 0          ;
; stateb.S3 ; 1         ; 0         ; 0         ; 1         ; 0          ;
; stateb.S4 ; 0         ; 0         ; 0         ; 1         ; 1          ;
+-----------+-----------+-----------+-----------+-----------+------------+


Encoding Type:  One-Hot
+------------------------------------------------------------------------+
; State Machine - |traffic_light_controller|traffic_light_fsm:fsm|statea ;
+-----------+-----------+-----------+-----------+-----------+------------+
; Name      ; statea.S3 ; statea.S2 ; statea.S1 ; statea.S0 ; statea.S4  ;
+-----------+-----------+-----------+-----------+-----------+------------+
; statea.S0 ; 0         ; 0         ; 0         ; 0         ; 0          ;
; statea.S1 ; 0         ; 0         ; 1         ; 1         ; 0          ;
; statea.S2 ; 0         ; 1         ; 0         ; 1         ; 0          ;
; statea.S3 ; 1         ; 0         ; 0         ; 1         ; 0          ;
; statea.S4 ; 0         ; 0         ; 0         ; 1         ; 1          ;
+-----------+-----------+-----------+-----------+-----------+------------+


+---------------------------------------------------------------------------------------+
; Registers Removed During Synthesis                                                    ;
+----------------------------------------+----------------------------------------------+
; Register name                          ; Reason for Removal                           ;
+----------------------------------------+----------------------------------------------+
; traffic_light_fsm:fsm|Astate[3]        ; Stuck at GND due to stuck port data_in       ;
; traffic_light_fsm:fsm|Bstate[3]        ; Stuck at GND due to stuck port data_in       ;
; traffic_light_fsm:fsm|stateb~4         ; Lost fanout                                  ;
; traffic_light_fsm:fsm|stateb~5         ; Lost fanout                                  ;
; traffic_light_fsm:fsm|stateb~7         ; Lost fanout                                  ;
; traffic_light_fsm:fsm|statea~4         ; Lost fanout                                  ;
; traffic_light_fsm:fsm|statea~5         ; Lost fanout                                  ;
; traffic_light_fsm:fsm|statea~7         ; Lost fanout                                  ;
; clock_divider:clk_div|counter2[0]      ; Merged with clock_divider:clk_div|counter[0] ;
; clock_divider:clk_div|counter2[1]      ; Merged with clock_divider:clk_div|counter[1] ;
; Total Number of Removed Registers = 10 ;                                              ;
+----------------------------------------+----------------------------------------------+


+------------------------------------------------------+
; General Register Statistics                          ;
+----------------------------------------------+-------+
; Statistic                                    ; Value ;
+----------------------------------------------+-------+
; Total registers                              ; 108   ;
; Number of registers using Synchronous Clear  ; 0     ;
; Number of registers using Synchronous Load   ; 17    ;
; Number of registers using Asynchronous Clear ; 94    ;
; Number of registers using Asynchronous Load  ; 0     ;
; Number of registers using Clock Enable       ; 23    ;
; Number of registers using Preset             ; 0     ;
+----------------------------------------------+-------+


+--------------------------------------------------+
; Inverted Register Statistics                     ;
+----------------------------------------+---------+
; Inverted Register                      ; Fan out ;
+----------------------------------------+---------+
; shumaguan:comb_3|shumaguan_choose[0]   ; 24      ;
; shumaguan:comb_3|shumaguan_choose[1]   ; 23      ;
; shumaguan:comb_3|shumaguan_choose[2]   ; 24      ;
; shumaguan:comb_3|shumaguan_choose[3]   ; 26      ;
; shumaguan:comb_3|shumaguan_choose[4]   ; 25      ;
; shumaguan:comb_3|shumaguan_choose[5]   ; 7       ;
; Total number of inverted registers = 6 ;         ;
+----------------------------------------+---------+


+------------------------------------------------------------------------------------------------------------------------------------------------------------------------------+
; Multiplexer Restructuring Statistics (Restructuring Performed)                                                                                                               ;
+--------------------+-----------+---------------+----------------------+------------------------+------------+----------------------------------------------------------------+
; Multiplexer Inputs ; Bus Width ; Baseline Area ; Area if Restructured ; Saving if Restructured ; Registered ; Example Multiplexer Output                                     ;
+--------------------+-----------+---------------+----------------------+------------------------+------------+----------------------------------------------------------------+
; 102:1              ; 2 bits    ; 136 LEs       ; 38 LEs               ; 98 LEs                 ; Yes        ; |traffic_light_controller|shumaguan:comb_3|duanma[5]           ;
; 114:1              ; 6 bits    ; 456 LEs       ; 198 LEs              ; 258 LEs                ; Yes        ; |traffic_light_controller|shumaguan:comb_3|duanma[1]           ;
; 66:1               ; 6 bits    ; 264 LEs       ; 252 LEs              ; 12 LEs                 ; Yes        ; |traffic_light_controller|shumaguan:comb_3|shumaguan_choose[4] ;
+--------------------+-----------+---------------+----------------------+------------------------+------------+----------------------------------------------------------------+


+-----------------------------------------------------------------------------------+
; Parameter Settings for Inferred Entity Instance: shumaguan:comb_3|lpm_divide:Mod1 ;
+------------------------+----------------+-----------------------------------------+
; Parameter Name         ; Value          ; Type                                    ;
+------------------------+----------------+-----------------------------------------+
; LPM_WIDTHN             ; 7              ; Untyped                                 ;
; LPM_WIDTHD             ; 4              ; Untyped                                 ;
; LPM_NREPRESENTATION    ; UNSIGNED       ; Untyped                                 ;
; LPM_DREPRESENTATION    ; UNSIGNED       ; Untyped                                 ;
; LPM_PIPELINE           ; 0              ; Untyped                                 ;
; LPM_REMAINDERPOSITIVE  ; TRUE           ; Untyped                                 ;
; MAXIMIZE_SPEED         ; 5              ; Untyped                                 ;
; CBXI_PARAMETER         ; lpm_divide_l9m ; Untyped                                 ;
; CARRY_CHAIN            ; MANUAL         ; Untyped                                 ;
; OPTIMIZE_FOR_SPEED     ; 5              ; Untyped                                 ;
; AUTO_CARRY_CHAINS      ; ON             ; AUTO_CARRY                              ;
; IGNORE_CARRY_BUFFERS   ; OFF            ; IGNORE_CARRY                            ;
; AUTO_CASCADE_CHAINS    ; ON             ; AUTO_CASCADE                            ;
; IGNORE_CASCADE_BUFFERS ; OFF            ; IGNORE_CASCADE                          ;
+------------------------+----------------+-----------------------------------------+
Note: In order to hide this table in the UI and the text report file, please set the "Show Parameter Settings in Synthesis Report" option in "Analysis and Synthesis Settings -> More Settings" to "Off".


+-----------------------------------------------------------------------------------+
; Parameter Settings for Inferred Entity Instance: shumaguan:comb_3|lpm_divide:Div1 ;
+------------------------+----------------+-----------------------------------------+
; Parameter Name         ; Value          ; Type                                    ;
+------------------------+----------------+-----------------------------------------+
; LPM_WIDTHN             ; 7              ; Untyped                                 ;
; LPM_WIDTHD             ; 4              ; Untyped                                 ;
; LPM_NREPRESENTATION    ; UNSIGNED       ; Untyped                                 ;
; LPM_DREPRESENTATION    ; UNSIGNED       ; Untyped                                 ;
; LPM_PIPELINE           ; 0              ; Untyped                                 ;
; LPM_REMAINDERPOSITIVE  ; TRUE           ; Untyped                                 ;
; MAXIMIZE_SPEED         ; 5              ; Untyped                                 ;
; CBXI_PARAMETER         ; lpm_divide_ihm ; Untyped                                 ;
; CARRY_CHAIN            ; MANUAL         ; Untyped                                 ;
; OPTIMIZE_FOR_SPEED     ; 5              ; Untyped                                 ;
; AUTO_CARRY_CHAINS      ; ON             ; AUTO_CARRY                              ;
; IGNORE_CARRY_BUFFERS   ; OFF            ; IGNORE_CARRY                            ;
; AUTO_CASCADE_CHAINS    ; ON             ; AUTO_CASCADE                            ;
; IGNORE_CASCADE_BUFFERS ; OFF            ; IGNORE_CASCADE                          ;
+------------------------+----------------+-----------------------------------------+
Note: In order to hide this table in the UI and the text report file, please set the "Show Parameter Settings in Synthesis Report" option in "Analysis and Synthesis Settings -> More Settings" to "Off".


+-----------------------------------------------------------------------------------+
; Parameter Settings for Inferred Entity Instance: shumaguan:comb_3|lpm_divide:Mod0 ;
+------------------------+----------------+-----------------------------------------+
; Parameter Name         ; Value          ; Type                                    ;
+------------------------+----------------+-----------------------------------------+
; LPM_WIDTHN             ; 7              ; Untyped                                 ;
; LPM_WIDTHD             ; 4              ; Untyped                                 ;
; LPM_NREPRESENTATION    ; UNSIGNED       ; Untyped                                 ;
; LPM_DREPRESENTATION    ; UNSIGNED       ; Untyped                                 ;
; LPM_PIPELINE           ; 0              ; Untyped                                 ;
; LPM_REMAINDERPOSITIVE  ; TRUE           ; Untyped                                 ;
; MAXIMIZE_SPEED         ; 5              ; Untyped                                 ;
; CBXI_PARAMETER         ; lpm_divide_l9m ; Untyped                                 ;
; CARRY_CHAIN            ; MANUAL         ; Untyped                                 ;
; OPTIMIZE_FOR_SPEED     ; 5              ; Untyped                                 ;
; AUTO_CARRY_CHAINS      ; ON             ; AUTO_CARRY                              ;
; IGNORE_CARRY_BUFFERS   ; OFF            ; IGNORE_CARRY                            ;
; AUTO_CASCADE_CHAINS    ; ON             ; AUTO_CASCADE                            ;
; IGNORE_CASCADE_BUFFERS ; OFF            ; IGNORE_CASCADE                          ;
+------------------------+----------------+-----------------------------------------+
Note: In order to hide this table in the UI and the text report file, please set the "Show Parameter Settings in Synthesis Report" option in "Analysis and Synthesis Settings -> More Settings" to "Off".


+-----------------------------------------------------------------------------------+
; Parameter Settings for Inferred Entity Instance: shumaguan:comb_3|lpm_divide:Div0 ;
+------------------------+----------------+-----------------------------------------+
; Parameter Name         ; Value          ; Type                                    ;
+------------------------+----------------+-----------------------------------------+
; LPM_WIDTHN             ; 7              ; Untyped                                 ;
; LPM_WIDTHD             ; 4              ; Untyped                                 ;
; LPM_NREPRESENTATION    ; UNSIGNED       ; Untyped                                 ;
; LPM_DREPRESENTATION    ; UNSIGNED       ; Untyped                                 ;
; LPM_PIPELINE           ; 0              ; Untyped                                 ;
; LPM_REMAINDERPOSITIVE  ; TRUE           ; Untyped                                 ;
; MAXIMIZE_SPEED         ; 5              ; Untyped                                 ;
; CBXI_PARAMETER         ; lpm_divide_ihm ; Untyped                                 ;
; CARRY_CHAIN            ; MANUAL         ; Untyped                                 ;
; OPTIMIZE_FOR_SPEED     ; 5              ; Untyped                                 ;
; AUTO_CARRY_CHAINS      ; ON             ; AUTO_CARRY                              ;
; IGNORE_CARRY_BUFFERS   ; OFF            ; IGNORE_CARRY                            ;
; AUTO_CASCADE_CHAINS    ; ON             ; AUTO_CASCADE                            ;
; IGNORE_CASCADE_BUFFERS ; OFF            ; IGNORE_CASCADE                          ;
+------------------------+----------------+-----------------------------------------+
Note: In order to hide this table in the UI and the text report file, please set the "Show Parameter Settings in Synthesis Report" option in "Analysis and Synthesis Settings -> More Settings" to "Off".


+-----------------------------------------------------+
; Post-Synthesis Netlist Statistics for Top Partition ;
+-----------------------+-----------------------------+
; Type                  ; Count                       ;
+-----------------------+-----------------------------+
; boundary_port         ; 24                          ;
; cycloneiii_ff         ; 108                         ;
;     CLR               ; 70                          ;
;     CLR SLD           ; 14                          ;
;     ENA               ; 10                          ;
;     ENA CLR           ; 10                          ;
;     ENA SLD           ; 3                           ;
;     plain             ; 1                           ;
; cycloneiii_lcell_comb ; 417                         ;
;     arith             ; 119                         ;
;         2 data inputs ; 70                          ;
;         3 data inputs ; 49                          ;
;     normal            ; 298                         ;
;         0 data inputs ; 17                          ;
;         1 data inputs ; 18                          ;
;         2 data inputs ; 119                         ;
;         3 data inputs ; 22                          ;
;         4 data inputs ; 122                         ;
;                       ;                             ;
; Max LUT depth         ; 12.50                       ;
; Average LUT depth     ; 7.40                        ;
+-----------------------+-----------------------------+


+-------------------------------+
; Elapsed Time Per Partition    ;
+----------------+--------------+
; Partition Name ; Elapsed Time ;
+----------------+--------------+
; Top            ; 00:00:02     ;
+----------------+--------------+


+-------------------------------+
; Analysis & Synthesis Messages ;
+-------------------------------+
Info: *******************************************************************
Info: Running Quartus Prime Analysis & Synthesis
    Info: Version 17.1.0 Build 590 10/25/2017 SJ Lite Edition
    Info: Processing started: Wed Dec 25 09:18:28 2024
Info: Command: quartus_map --read_settings_files=on --write_settings_files=off rgy -c rgy
Warning (18236): Number of processors has not been specified which may cause overloading on shared machines.  Set the global assignment NUM_PARALLEL_PROCESSORS in your QSF to an appropriate value for best performance.
Info (20030): Parallel compilation is enabled and will use 14 of the 14 processors detected
Info (12021): Found 1 design units, including 1 entities, in source file clock_divider.v
    Info (12023): Found entity 1: clock_divider File: D:/EDA/SHIYAN/clock_divider.v Line: 2
Info (12021): Found 1 design units, including 1 entities, in source file traffic_light_fsm.v
    Info (12023): Found entity 1: traffic_light_fsm File: D:/EDA/SHIYAN/traffic_light_fsm.v Line: 1
Info (12021): Found 1 design units, including 1 entities, in source file traffic_light_controller.v
    Info (12023): Found entity 1: traffic_light_controller File: D:/EDA/SHIYAN/traffic_light_controller.v Line: 2
Info (12021): Found 1 design units, including 1 entities, in source file shumaguan.v
    Info (12023): Found entity 1: shumaguan File: D:/EDA/SHIYAN/shumaguan.v Line: 18
Critical Warning (10846): Verilog HDL Instantiation warning at traffic_light_controller.v(51): instance has no name File: D:/EDA/SHIYAN/traffic_light_controller.v Line: 51
Info (12127): Elaborating entity "traffic_light_controller" for the top level hierarchy
Info (12128): Elaborating entity "clock_divider" for hierarchy "clock_divider:clk_div" File: D:/EDA/SHIYAN/traffic_light_controller.v Line: 28
Warning (10230): Verilog HDL assignment warning at clock_divider.v(19): truncated value with size 32 to match size of target (25) File: D:/EDA/SHIYAN/clock_divider.v Line: 19
Warning (10230): Verilog HDL assignment warning at clock_divider.v(33): truncated value with size 32 to match size of target (25) File: D:/EDA/SHIYAN/clock_divider.v Line: 33
Info (12128): Elaborating entity "traffic_light_fsm" for hierarchy "traffic_light_fsm:fsm" File: D:/EDA/SHIYAN/traffic_light_controller.v Line: 39
Warning (10230): Verilog HDL assignment warning at traffic_light_fsm.v(39): truncated value with size 32 to match size of target (7) File: D:/EDA/SHIYAN/traffic_light_fsm.v Line: 39
Warning (10230): Verilog HDL assignment warning at traffic_light_fsm.v(51): truncated value with size 32 to match size of target (7) File: D:/EDA/SHIYAN/traffic_light_fsm.v Line: 51
Info (12128): Elaborating entity "shumaguan" for hierarchy "shumaguan:comb_3" File: D:/EDA/SHIYAN/traffic_light_controller.v Line: 51
Info (10041): Inferred latch for "array[9][0]" at shumaguan.v(36) File: D:/EDA/SHIYAN/shumaguan.v Line: 36
Info (10041): Inferred latch for "array[9][1]" at shumaguan.v(36) File: D:/EDA/SHIYAN/shumaguan.v Line: 36
Info (10041): Inferred latch for "array[9][2]" at shumaguan.v(36) File: D:/EDA/SHIYAN/shumaguan.v Line: 36
Info (10041): Inferred latch for "array[9][3]" at shumaguan.v(36) File: D:/EDA/SHIYAN/shumaguan.v Line: 36
Info (10041): Inferred latch for "array[9][4]" at shumaguan.v(36) File: D:/EDA/SHIYAN/shumaguan.v Line: 36
Info (10041): Inferred latch for "array[9][5]" at shumaguan.v(36) File: D:/EDA/SHIYAN/shumaguan.v Line: 36
Info (10041): Inferred latch for "array[9][6]" at shumaguan.v(36) File: D:/EDA/SHIYAN/shumaguan.v Line: 36
Info (10041): Inferred latch for "array[9][7]" at shumaguan.v(36) File: D:/EDA/SHIYAN/shumaguan.v Line: 36
Info (10041): Inferred latch for "array[8][0]" at shumaguan.v(36) File: D:/EDA/SHIYAN/shumaguan.v Line: 36
Info (10041): Inferred latch for "array[8][1]" at shumaguan.v(36) File: D:/EDA/SHIYAN/shumaguan.v Line: 36
Info (10041): Inferred latch for "array[8][2]" at shumaguan.v(36) File: D:/EDA/SHIYAN/shumaguan.v Line: 36
Info (10041): Inferred latch for "array[8][3]" at shumaguan.v(36) File: D:/EDA/SHIYAN/shumaguan.v Line: 36
Info (10041): Inferred latch for "array[8][4]" at shumaguan.v(36) File: D:/EDA/SHIYAN/shumaguan.v Line: 36
Info (10041): Inferred latch for "array[8][5]" at shumaguan.v(36) File: D:/EDA/SHIYAN/shumaguan.v Line: 36
Info (10041): Inferred latch for "array[8][6]" at shumaguan.v(36) File: D:/EDA/SHIYAN/shumaguan.v Line: 36
Info (10041): Inferred latch for "array[8][7]" at shumaguan.v(36) File: D:/EDA/SHIYAN/shumaguan.v Line: 36
Info (10041): Inferred latch for "array[7][0]" at shumaguan.v(36) File: D:/EDA/SHIYAN/shumaguan.v Line: 36
Info (10041): Inferred latch for "array[7][1]" at shumaguan.v(36) File: D:/EDA/SHIYAN/shumaguan.v Line: 36
Info (10041): Inferred latch for "array[7][2]" at shumaguan.v(36) File: D:/EDA/SHIYAN/shumaguan.v Line: 36
Info (10041): Inferred latch for "array[7][3]" at shumaguan.v(36) File: D:/EDA/SHIYAN/shumaguan.v Line: 36
Info (10041): Inferred latch for "array[7][4]" at shumaguan.v(36) File: D:/EDA/SHIYAN/shumaguan.v Line: 36
Info (10041): Inferred latch for "array[7][5]" at shumaguan.v(36) File: D:/EDA/SHIYAN/shumaguan.v Line: 36
Info (10041): Inferred latch for "array[7][6]" at shumaguan.v(36) File: D:/EDA/SHIYAN/shumaguan.v Line: 36
Info (10041): Inferred latch for "array[7][7]" at shumaguan.v(36) File: D:/EDA/SHIYAN/shumaguan.v Line: 36
Info (10041): Inferred latch for "array[6][0]" at shumaguan.v(36) File: D:/EDA/SHIYAN/shumaguan.v Line: 36
Info (10041): Inferred latch for "array[6][1]" at shumaguan.v(36) File: D:/EDA/SHIYAN/shumaguan.v Line: 36
Info (10041): Inferred latch for "array[6][2]" at shumaguan.v(36) File: D:/EDA/SHIYAN/shumaguan.v Line: 36
Info (10041): Inferred latch for "array[6][3]" at shumaguan.v(36) File: D:/EDA/SHIYAN/shumaguan.v Line: 36
Info (10041): Inferred latch for "array[6][4]" at shumaguan.v(36) File: D:/EDA/SHIYAN/shumaguan.v Line: 36
Info (10041): Inferred latch for "array[6][5]" at shumaguan.v(36) File: D:/EDA/SHIYAN/shumaguan.v Line: 36
Info (10041): Inferred latch for "array[6][6]" at shumaguan.v(36) File: D:/EDA/SHIYAN/shumaguan.v Line: 36
Info (10041): Inferred latch for "array[6][7]" at shumaguan.v(36) File: D:/EDA/SHIYAN/shumaguan.v Line: 36
Info (10041): Inferred latch for "array[5][0]" at shumaguan.v(36) File: D:/EDA/SHIYAN/shumaguan.v Line: 36
Info (10041): Inferred latch for "array[5][1]" at shumaguan.v(36) File: D:/EDA/SHIYAN/shumaguan.v Line: 36
Info (10041): Inferred latch for "array[5][2]" at shumaguan.v(36) File: D:/EDA/SHIYAN/shumaguan.v Line: 36
Info (10041): Inferred latch for "array[5][3]" at shumaguan.v(36) File: D:/EDA/SHIYAN/shumaguan.v Line: 36
Info (10041): Inferred latch for "array[5][4]" at shumaguan.v(36) File: D:/EDA/SHIYAN/shumaguan.v Line: 36
Info (10041): Inferred latch for "array[5][5]" at shumaguan.v(36) File: D:/EDA/SHIYAN/shumaguan.v Line: 36
Info (10041): Inferred latch for "array[5][6]" at shumaguan.v(36) File: D:/EDA/SHIYAN/shumaguan.v Line: 36
Info (10041): Inferred latch for "array[5][7]" at shumaguan.v(36) File: D:/EDA/SHIYAN/shumaguan.v Line: 36
Info (10041): Inferred latch for "array[4][0]" at shumaguan.v(36) File: D:/EDA/SHIYAN/shumaguan.v Line: 36
Info (10041): Inferred latch for "array[4][1]" at shumaguan.v(36) File: D:/EDA/SHIYAN/shumaguan.v Line: 36
Info (10041): Inferred latch for "array[4][2]" at shumaguan.v(36) File: D:/EDA/SHIYAN/shumaguan.v Line: 36
Info (10041): Inferred latch for "array[4][3]" at shumaguan.v(36) File: D:/EDA/SHIYAN/shumaguan.v Line: 36
Info (10041): Inferred latch for "array[4][4]" at shumaguan.v(36) File: D:/EDA/SHIYAN/shumaguan.v Line: 36
Info (10041): Inferred latch for "array[4][5]" at shumaguan.v(36) File: D:/EDA/SHIYAN/shumaguan.v Line: 36
Info (10041): Inferred latch for "array[4][6]" at shumaguan.v(36) File: D:/EDA/SHIYAN/shumaguan.v Line: 36
Info (10041): Inferred latch for "array[4][7]" at shumaguan.v(36) File: D:/EDA/SHIYAN/shumaguan.v Line: 36
Info (10041): Inferred latch for "array[3][0]" at shumaguan.v(36) File: D:/EDA/SHIYAN/shumaguan.v Line: 36
Info (10041): Inferred latch for "array[3][1]" at shumaguan.v(36) File: D:/EDA/SHIYAN/shumaguan.v Line: 36
Info (10041): Inferred latch for "array[3][2]" at shumaguan.v(36) File: D:/EDA/SHIYAN/shumaguan.v Line: 36
Info (10041): Inferred latch for "array[3][3]" at shumaguan.v(36) File: D:/EDA/SHIYAN/shumaguan.v Line: 36
Info (10041): Inferred latch for "array[3][4]" at shumaguan.v(36) File: D:/EDA/SHIYAN/shumaguan.v Line: 36
Info (10041): Inferred latch for "array[3][5]" at shumaguan.v(36) File: D:/EDA/SHIYAN/shumaguan.v Line: 36
Info (10041): Inferred latch for "array[3][6]" at shumaguan.v(36) File: D:/EDA/SHIYAN/shumaguan.v Line: 36
Info (10041): Inferred latch for "array[3][7]" at shumaguan.v(36) File: D:/EDA/SHIYAN/shumaguan.v Line: 36
Info (10041): Inferred latch for "array[2][0]" at shumaguan.v(36) File: D:/EDA/SHIYAN/shumaguan.v Line: 36
Info (10041): Inferred latch for "array[2][1]" at shumaguan.v(36) File: D:/EDA/SHIYAN/shumaguan.v Line: 36
Info (10041): Inferred latch for "array[2][2]" at shumaguan.v(36) File: D:/EDA/SHIYAN/shumaguan.v Line: 36
Info (10041): Inferred latch for "array[2][3]" at shumaguan.v(36) File: D:/EDA/SHIYAN/shumaguan.v Line: 36
Info (10041): Inferred latch for "array[2][4]" at shumaguan.v(36) File: D:/EDA/SHIYAN/shumaguan.v Line: 36
Info (10041): Inferred latch for "array[2][5]" at shumaguan.v(36) File: D:/EDA/SHIYAN/shumaguan.v Line: 36
Info (10041): Inferred latch for "array[2][6]" at shumaguan.v(36) File: D:/EDA/SHIYAN/shumaguan.v Line: 36
Info (10041): Inferred latch for "array[2][7]" at shumaguan.v(36) File: D:/EDA/SHIYAN/shumaguan.v Line: 36
Info (10041): Inferred latch for "array[1][0]" at shumaguan.v(36) File: D:/EDA/SHIYAN/shumaguan.v Line: 36
Info (10041): Inferred latch for "array[1][1]" at shumaguan.v(36) File: D:/EDA/SHIYAN/shumaguan.v Line: 36
Info (10041): Inferred latch for "array[1][2]" at shumaguan.v(36) File: D:/EDA/SHIYAN/shumaguan.v Line: 36
Info (10041): Inferred latch for "array[1][3]" at shumaguan.v(36) File: D:/EDA/SHIYAN/shumaguan.v Line: 36
Info (10041): Inferred latch for "array[1][4]" at shumaguan.v(36) File: D:/EDA/SHIYAN/shumaguan.v Line: 36
Info (10041): Inferred latch for "array[1][5]" at shumaguan.v(36) File: D:/EDA/SHIYAN/shumaguan.v Line: 36
Info (10041): Inferred latch for "array[1][6]" at shumaguan.v(36) File: D:/EDA/SHIYAN/shumaguan.v Line: 36
Info (10041): Inferred latch for "array[1][7]" at shumaguan.v(36) File: D:/EDA/SHIYAN/shumaguan.v Line: 36
Info (10041): Inferred latch for "array[0][0]" at shumaguan.v(36) File: D:/EDA/SHIYAN/shumaguan.v Line: 36
Info (10041): Inferred latch for "array[0][1]" at shumaguan.v(36) File: D:/EDA/SHIYAN/shumaguan.v Line: 36
Info (10041): Inferred latch for "array[0][2]" at shumaguan.v(36) File: D:/EDA/SHIYAN/shumaguan.v Line: 36
Info (10041): Inferred latch for "array[0][3]" at shumaguan.v(36) File: D:/EDA/SHIYAN/shumaguan.v Line: 36
Info (10041): Inferred latch for "array[0][4]" at shumaguan.v(36) File: D:/EDA/SHIYAN/shumaguan.v Line: 36
Info (10041): Inferred latch for "array[0][5]" at shumaguan.v(36) File: D:/EDA/SHIYAN/shumaguan.v Line: 36
Info (10041): Inferred latch for "array[0][6]" at shumaguan.v(36) File: D:/EDA/SHIYAN/shumaguan.v Line: 36
Info (10041): Inferred latch for "array[0][7]" at shumaguan.v(36) File: D:/EDA/SHIYAN/shumaguan.v Line: 36
Info (278001): Inferred 4 megafunctions from design logic
    Info (278004): Inferred divider/modulo megafunction ("lpm_divide") from the following logic: "shumaguan:comb_3|Mod1" File: D:/EDA/SHIYAN/shumaguan.v Line: 94
    Info (278004): Inferred divider/modulo megafunction ("lpm_divide") from the following logic: "shumaguan:comb_3|Div1" File: D:/EDA/SHIYAN/shumaguan.v Line: 89
    Info (278004): Inferred divider/modulo megafunction ("lpm_divide") from the following logic: "shumaguan:comb_3|Mod0" File: D:/EDA/SHIYAN/shumaguan.v Line: 72
    Info (278004): Inferred divider/modulo megafunction ("lpm_divide") from the following logic: "shumaguan:comb_3|Div0" File: D:/EDA/SHIYAN/shumaguan.v Line: 65
Info (12130): Elaborated megafunction instantiation "shumaguan:comb_3|lpm_divide:Mod1" File: D:/EDA/SHIYAN/shumaguan.v Line: 94
Info (12133): Instantiated megafunction "shumaguan:comb_3|lpm_divide:Mod1" with the following parameter: File: D:/EDA/SHIYAN/shumaguan.v Line: 94
    Info (12134): Parameter "LPM_WIDTHN" = "7"
    Info (12134): Parameter "LPM_WIDTHD" = "4"
    Info (12134): Parameter "LPM_NREPRESENTATION" = "UNSIGNED"
    Info (12134): Parameter "LPM_DREPRESENTATION" = "UNSIGNED"
Info (12021): Found 1 design units, including 1 entities, in source file db/lpm_divide_l9m.tdf
    Info (12023): Found entity 1: lpm_divide_l9m File: D:/EDA/SHIYAN/db/lpm_divide_l9m.tdf Line: 24
Info (12021): Found 1 design units, including 1 entities, in source file db/sign_div_unsign_akh.tdf
    Info (12023): Found entity 1: sign_div_unsign_akh File: D:/EDA/SHIYAN/db/sign_div_unsign_akh.tdf Line: 24
Info (12021): Found 1 design units, including 1 entities, in source file db/alt_u_div_84f.tdf
    Info (12023): Found entity 1: alt_u_div_84f File: D:/EDA/SHIYAN/db/alt_u_div_84f.tdf Line: 26
Info (12021): Found 1 design units, including 1 entities, in source file db/add_sub_7pc.tdf
    Info (12023): Found entity 1: add_sub_7pc File: D:/EDA/SHIYAN/db/add_sub_7pc.tdf Line: 22
Info (12021): Found 1 design units, including 1 entities, in source file db/add_sub_8pc.tdf
    Info (12023): Found entity 1: add_sub_8pc File: D:/EDA/SHIYAN/db/add_sub_8pc.tdf Line: 22
Info (12130): Elaborated megafunction instantiation "shumaguan:comb_3|lpm_divide:Div1" File: D:/EDA/SHIYAN/shumaguan.v Line: 89
Info (12133): Instantiated megafunction "shumaguan:comb_3|lpm_divide:Div1" with the following parameter: File: D:/EDA/SHIYAN/shumaguan.v Line: 89
    Info (12134): Parameter "LPM_WIDTHN" = "7"
    Info (12134): Parameter "LPM_WIDTHD" = "4"
    Info (12134): Parameter "LPM_NREPRESENTATION" = "UNSIGNED"
    Info (12134): Parameter "LPM_DREPRESENTATION" = "UNSIGNED"
Info (12021): Found 1 design units, including 1 entities, in source file db/lpm_divide_ihm.tdf
    Info (12023): Found entity 1: lpm_divide_ihm File: D:/EDA/SHIYAN/db/lpm_divide_ihm.tdf Line: 24
Info (13000): Registers with preset signals will power-up high File: D:/EDA/SHIYAN/shumaguan.v Line: 51
Info (13003): DEV_CLRn pin will set, and not reset, register with preset signal due to NOT Gate Push-Back
Info (286030): Timing-Driven Synthesis is running
Info (17049): 6 registers lost all their fanouts during netlist optimizations.
Info (16010): Generating hard_block partition "hard_block:auto_generated_inst"
    Info (16011): Adding 0 node(s), including 0 DDIO, 0 PLL, 0 transceiver and 0 LCELL
Info (21057): Implemented 458 device resources after synthesis - the final resource count might be different
    Info (21058): Implemented 2 input pins
    Info (21059): Implemented 22 output pins
    Info (21061): Implemented 434 logic cells
Info: Quartus Prime Analysis & Synthesis was successful. 0 errors, 6 warnings
    Info: Peak virtual memory: 4873 megabytes
    Info: Processing ended: Wed Dec 25 09:18:45 2024
    Info: Elapsed time: 00:00:17
    Info: Total CPU time (on all processors): 00:00:09


